<?xml version="1.0" encoding="UTF-8"?>
<!-- Generated by org.testng.reporters.JUnitReportReporter -->
<testsuite skipped="0" hostname="dls210" name="testclasses.TestNGAssert" tests="3" failures="0" timestamp="16 jul 2018 23:27:12 GMT" time="0.045" errors="0">
  <testcase name="String" time="0.042" classname="testclasses.TestNGAssert"/>
  <testcase name="testeSum" time="0.002" classname="testclasses.TestNGAssert"/>
  <testcase name="array" time="0.001" classname="testclasses.TestNGAssert"/>
</testsuite> <!-- testclasses.TestNGAssert -->
