<?xml version="1.0" encoding="UTF-8"?>
<!-- Generated by org.testng.reporters.JUnitReportReporter -->
<testsuite skipped="0" hostname="dls210" name="test.TestLogin" tests="2" failures="0" timestamp="20 jul 2018 15:53:55 GMT" time="12.078" errors="0">
  <testcase name="realizarLogin" time="5.627" classname="test.TestLogin"/>
  <testcase name="realizarLogin" time="6.451" classname="test.TestLogin"/>
</testsuite> <!-- test.TestLogin -->
