<?xml version="1.0" encoding="UTF-8"?>
<!-- Generated by org.testng.reporters.JUnitReportReporter -->
<testsuite skipped="1" hostname="dls210" name="dependentMethods.DependentMethods" tests="2" failures="0" timestamp="18 jul 2018 16:28:14 GMT" time="0.009" errors="0">
  <testcase name="testMethod2" time="0.009" classname="dependentMethods.DependentMethods"/>
  <testcase name="testMethod1" classname="dependentMethods.DependentMethods">
    <skipped/>
  </testcase> <!-- testMethod1 -->
</testsuite> <!-- dependentMethods.DependentMethods -->
