<?xml version="1.0" encoding="UTF-8"?>
<!-- Generated by org.testng.reporters.JUnitReportReporter -->
<testsuite skipped="0" hostname="dls210" name="test.TestDataProvider" tests="3" failures="0" timestamp="21 jul 2018 20:16:50 GMT" time="0.013" errors="0">
  <testcase name="testDataProvider" time="0.010" classname="test.TestDataProvider"/>
  <testcase name="testDataProvider" time="0.002" classname="test.TestDataProvider"/>
  <testcase name="testDataProvider" time="0.001" classname="test.TestDataProvider"/>
</testsuite> <!-- test.TestDataProvider -->
