<?xml version="1.0" encoding="UTF-8"?>
<!-- Generated by org.testng.reporters.JUnitReportReporter -->
<testsuite skipped="0" hostname="dls210" name="testclasses.TestNGAssert" tests="3" failures="0" timestamp="18 jul 2018 16:36:52 GMT" time="0.015" errors="0">
  <testcase name="array" time="0.002" classname="testclasses.TestNGAssert"/>
  <testcase name="String" time="0.012" classname="testclasses.TestNGAssert"/>
  <testcase name="testeSum" time="0.001" classname="testclasses.TestNGAssert"/>
</testsuite> <!-- testclasses.TestNGAssert -->
