<?xml version="1.0" encoding="UTF-8"?>
<!-- Generated by org.testng.reporters.JUnitReportReporter -->
<testsuite skipped="0" hostname="dls210" name="test.TestNG_ListenersTest" tests="4" failures="0" timestamp="28 jul 2018 18:39:28 GMT" time="0.011" errors="0">
  <testcase name="testOne" time="0.002" classname="test.TestNG_ListenersTest"/>
  <testcase name="testTwo" time="0.001" classname="test.TestNG_ListenersTest"/>
  <testcase name="testOne" time="0.006" classname="test.TestNG_ListenersTest"/>
  <testcase name="testTwo" time="0.002" classname="test.TestNG_ListenersTest"/>
</testsuite> <!-- test.TestNG_ListenersTest -->
