<?xml version="1.0" encoding="UTF-8"?>
<!-- Generated by org.testng.reporters.JUnitReportReporter -->
<testsuite skipped="0" hostname="dls210" name="test.TestLogin" tests="2" failures="0" timestamp="21 jul 2018 19:54:16 GMT" time="28.231" errors="0">
  <testcase name="realizarLogin" time="20.651" classname="test.TestLogin"/>
  <testcase name="realizarLogin" time="7.580" classname="test.TestLogin"/>
</testsuite> <!-- test.TestLogin -->
