<?xml version="1.0" encoding="UTF-8"?>
<!-- Generated by org.testng.reporters.JUnitReportReporter -->
<testsuite skipped="0" hostname="dls210" name="groups.TestNGGroups" tests="2" failures="0" timestamp="18 jul 2018 01:37:35 GMT" time="0.016" errors="0">
  <testcase name="testNinja" time="0.004" classname="groups.TestNGGroups"/>
  <testcase name="testCBR" time="0.012" classname="groups.TestNGGroups"/>
</testsuite> <!-- groups.TestNGGroups -->
