<?xml version="1.0" encoding="UTF-8"?>
<!-- Generated by org.testng.reporters.JUnitReportReporter -->
<testsuite skipped="0" hostname="dls210" name="test.TestNG_ListernersTest" tests="2" failures="0" timestamp="23 jul 2018 23:58:15 GMT" time="0.015" errors="0">
  <testcase name="testTwo" time="0.004" classname="test.TestNG_ListernersTest"/>
  <testcase name="testOne" time="0.011" classname="test.TestNG_ListernersTest"/>
</testsuite> <!-- test.TestNG_ListernersTest -->
