<?xml version="1.0" encoding="UTF-8"?>
<!-- Generated by org.testng.reporters.JUnitReportReporter -->
<testsuite skipped="0" hostname="dls210" name="dependentMethods.DependentMethods" tests="2" failures="0" timestamp="18 jul 2018 11:21:15 GMT" time="0.112" errors="1">
  <testcase name="testMethod2" time="0.001" classname="dependentMethods.DependentMethods"/>
  <testcase name="testMethod1" time="0.111" classname="dependentMethods.DependentMethods">
    <error type="org.testng.internal.thread.ThreadTimeoutException" message="Method dependentMethods.DependentMethods.testMethod1() didn&#039;t finish within the time-out 100">
      <![CDATA[org.testng.internal.thread.ThreadTimeoutException: Method dependentMethods.DependentMethods.testMethod1() didn't finish within the time-out 100
]]>
    </error>
  </testcase> <!-- testMethod1 -->
</testsuite> <!-- dependentMethods.DependentMethods -->
