<?xml version="1.0" encoding="UTF-8"?>
<!-- Generated by org.testng.reporters.JUnitReportReporter -->
<testsuite skipped="0" hostname="dls210" name="dependentMethods.DependentMethods" tests="2" failures="0" timestamp="18 jul 2018 02:06:15 GMT" time="0.012" errors="0">
  <testcase name="testMethod2" time="0.010" classname="dependentMethods.DependentMethods"/>
  <testcase name="testMethod1" time="0.002" classname="dependentMethods.DependentMethods"/>
</testsuite> <!-- dependentMethods.DependentMethods -->
