<?xml version="1.0" encoding="UTF-8"?>
<!-- Generated by org.testng.reporters.JUnitReportReporter -->
<testsuite skipped="0" hostname="dls210" name="testclasses.TestNG_TestParameters" tests="1" failures="0" timestamp="18 jul 2018 17:38:21 GMT" time="0.007" errors="0">
  <testcase name="test1" time="0.007" classname="testclasses.TestNG_TestParameters"/>
</testsuite> <!-- testclasses.TestNG_TestParameters -->
